<?xml version="1.0" encoding="UTF-8"?>
<!-- Generated by org.testng.reporters.JUnitXMLReporter -->
<testsuite ignored="2" hostname="DESKTOP-50POJSR" failures="0" tests="1" name="Default test" time="85.038" errors="0" timestamp="01 Dec 2024 15:07:24 GMT">
  <testcase classname="com.testyantra.contacttest.CreateContactTest" name="createContactTest" time="48.612"/>
  <testcase classname="com.testyantra.contacttest.CreateContactTest" name="createContactWithPhoneNumber" time="0.0">
    <ignored/>
  </testcase> <!-- createContactWithPhoneNumber -->
  <testcase classname="com.testyantra.contacttest.CreateContactTest" name="createContactWithOrganizationTest" time="0.0">
    <ignored/>
  </testcase> <!-- createContactWithOrganizationTest -->
</testsuite> <!-- Default test -->
