<?xml version="1.0" encoding="UTF-8"?>
<!-- Generated by org.testng.reporters.JUnitXMLReporter -->
<testsuite ignored="0" hostname="DESKTOP-50POJSR" failures="0" tests="3" name="Test" time="118.508" errors="0" timestamp="14 Sep 2024 15:44:19 GMT">
  <testcase classname="com.testyantra.contacttest.CreateContactTest" name="createContactTest" time="34.777"/>
  <testcase classname="com.testyantra.contacttest.CreateContactTest" name="createContactWithOrganizationTest" time="24.503"/>
  <testcase classname="com.testyantra.contacttest.CreateContactTest" name="createContactWithPhoneNumber" time="12.139"/>
</testsuite> <!-- Test -->
