<?xml version="1.0" encoding="UTF-8"?>
<testng-results ignored="2" total="3" passed="1" failed="0" skipped="0">
  <reporter-output>
  </reporter-output>
  <suite started-at="2024-12-01T15:05:59Z" name="Default suite" finished-at="2024-12-01T15:07:24Z" duration-ms="85038">
    <groups>
    </groups>
    <test started-at="2024-12-01T15:05:59Z" name="Default test" finished-at="2024-12-01T15:07:24Z" duration-ms="85038">
      <class name="com.testyantra.contacttest.CreateContactTest">
        <test-method is-config="true" signature="configBs()[pri:0, instance:com.testyantra.contacttest.CreateContactTest@764faa6]" started-at="2024-12-01T15:05:59Z" name="configBs" finished-at="2024-12-01T15:05:59Z" duration-ms="282" status="PASS">
          <reporter-output>
          </reporter-output>
        </test-method> <!-- configBs -->
        <test-method is-config="true" signature="configBc()[pri:0, instance:com.testyantra.contacttest.CreateContactTest@764faa6]" started-at="2024-12-01T15:05:59Z" name="configBc" finished-at="2024-12-01T15:06:05Z" duration-ms="6044" status="PASS">
          <reporter-output>
          </reporter-output>
        </test-method> <!-- configBc -->
        <test-method is-config="true" signature="configBm()[pri:0, instance:com.testyantra.contacttest.CreateContactTest@764faa6]" started-at="2024-12-01T15:06:05Z" name="configBm" finished-at="2024-12-01T15:06:29Z" duration-ms="23897" status="PASS">
          <reporter-output>
          </reporter-output>
        </test-method> <!-- configBm -->
        <test-method signature="createContactTest()[pri:0, instance:com.testyantra.contacttest.CreateContactTest@764faa6]" started-at="2024-12-01T15:06:29Z" name="createContactTest" finished-at="2024-12-01T15:07:17Z" duration-ms="48612" status="PASS">
          <reporter-output>
          </reporter-output>
        </test-method> <!-- createContactTest -->
        <test-method is-config="true" signature="configAm()[pri:0, instance:com.testyantra.contacttest.CreateContactTest@764faa6]" started-at="2024-12-01T15:07:17Z" name="configAm" finished-at="2024-12-01T15:07:24Z" duration-ms="6298" status="PASS">
          <reporter-output>
          </reporter-output>
        </test-method> <!-- configAm -->
        <test-method is-config="true" signature="configAc()[pri:0, instance:com.testyantra.contacttest.CreateContactTest@764faa6]" started-at="2024-12-01T15:07:24Z" name="configAc" finished-at="2024-12-01T15:07:24Z" duration-ms="171" status="PASS">
          <reporter-output>
          </reporter-output>
        </test-method> <!-- configAc -->
        <test-method is-config="true" signature="configAs()[pri:0, instance:com.testyantra.contacttest.CreateContactTest@764faa6]" started-at="2024-12-01T15:07:24Z" name="configAs" finished-at="2024-12-01T15:07:24Z" duration-ms="0" status="PASS">
          <reporter-output>
          </reporter-output>
        </test-method> <!-- configAs -->
      </class> <!-- com.testyantra.contacttest.CreateContactTest -->
    </test> <!-- Default test -->
  </suite> <!-- Default suite -->
</testng-results>
